# JRE version: Java(TM) SE Runtime Environment (8.0_161-b12) (build 1.8.0_161-b12)
# Java VM: Java HotSpot(TM) 64-Bit Server VM (25.161-b12 mixed mode windows-amd64 compressed oops)
Heap:
 PSYoungGen      total 545792K, used 440009K [0x0000000716900000, 0x0000000760500000, 0x00000007c0000000)
  eden space 524288K, 79% used [0x0000000716900000,0x00000007301b4d18,0x0000000736900000)
  from space 21504K, 99% used [0x0000000736900000,0x0000000737dfd990,0x0000000737e00000)
  to   space 79872K, 0% used [0x000000075b700000,0x000000075b700000,0x0000000760500000)
 ParOldGen       total 348160K, used 95664K [0x00000005c3a00000, 0x00000005d8e00000, 0x0000000716900000)
  object space 348160K, 27% used [0x00000005c3a00000,0x00000005c976c0b8,0x00000005d8e00000)
 Metaspace       used 6649K, capacity 6768K, committed 6912K, reserved 1056768K
  class space    used 663K, capacity 728K, committed 768K, reserved 1048576K
GC Heap History (10 events):
Event: 1.241 GC heap before
{Heap before GC invocations=1 (full 0):
 PSYoungGen      total 152576K, used 131072K [0x0000000716900000, 0x0000000721300000, 0x00000007c0000000)
  eden space 131072K, 100% used [0x0000000716900000,0x000000071e900000,0x000000071e900000)
  from space 21504K, 0% used [0x000000071fe00000,0x000000071fe00000,0x0000000721300000)
  to   space 21504K, 0% used [0x000000071e900000,0x000000071e900000,0x000000071fe00000)
 ParOldGen       total 348160K, used 0K [0x00000005c3a00000, 0x00000005d8e00000, 0x0000000716900000)
  object space 348160K, 0% used [0x00000005c3a00000,0x00000005c3a00000,0x00000005d8e00000)
 Metaspace       used 5254K, capacity 5440K, committed 5760K, reserved 1056768K
  class space    used 523K, capacity 560K, committed 640K, reserved 1048576K
Event: 1.298 GC heap after
Heap after GC invocations=1 (full 0):
 PSYoungGen      total 152576K, used 21488K [0x0000000716900000, 0x0000000729300000, 0x00000007c0000000)
  eden space 131072K, 0% used [0x0000000716900000,0x0000000716900000,0x000000071e900000)
  from space 21504K, 99% used [0x000000071e900000,0x000000071fdfc378,0x000000071fe00000)
  to   space 21504K, 0% used [0x0000000727e00000,0x0000000727e00000,0x0000000729300000)
 ParOldGen       total 348160K, used 29599K [0x00000005c3a00000, 0x00000005d8e00000, 0x0000000716900000)
  object space 348160K, 8% used [0x00000005c3a00000,0x00000005c56e7d70,0x00000005d8e00000)
 Metaspace       used 5254K, capacity 5440K, committed 5760K, reserved 1056768K
  class space    used 523K, capacity 560K, committed 640K, reserved 1048576K
}
Event: 2.082 GC heap before
{Heap before GC invocations=2 (full 0):
 PSYoungGen      total 152576K, used 152560K [0x0000000716900000, 0x0000000729300000, 0x00000007c0000000)
  eden space 131072K, 100% used [0x0000000716900000,0x000000071e900000,0x000000071e900000)
  from space 21504K, 99% used [0x000000071e900000,0x000000071fdfc378,0x000000071fe00000)
  to   space 21504K, 0% used [0x0000000727e00000,0x0000000727e00000,0x0000000729300000)
 ParOldGen       total 348160K, used 29599K [0x00000005c3a00000, 0x00000005d8e00000, 0x0000000716900000)
  object space 348160K, 8% used [0x00000005c3a00000,0x00000005c56e7d70,0x00000005d8e00000)
 Metaspace       used 6368K, capacity 6512K, committed 6656K, reserved 1056768K
  class space    used 649K, capacity 728K, committed 768K, reserved 1048576K
Event: 2.120 GC heap after
Heap after GC invocations=2 (full 0):
 PSYoungGen      total 283648K, used 21495K [0x0000000716900000, 0x0000000729300000, 0x00000007c0000000)
  eden space 262144K, 0% used [0x0000000716900000,0x0000000716900000,0x0000000726900000)
  from space 21504K, 99% used [0x0000000727e00000,0x00000007292fdcf8,0x0000000729300000)
  to   space 21504K, 0% used [0x0000000726900000,0x0000000726900000,0x0000000727e00000)
 ParOldGen       total 348160K, used 46710K [0x00000005c3a00000, 0x00000005d8e00000, 0x0000000716900000)
  object space 348160K, 13% used [0x00000005c3a00000,0x00000005c679da28,0x00000005d8e00000)
 Metaspace       used 6368K, capacity 6512K, committed 6656K, reserved 1056768K
  class space    used 649K, capacity 728K, committed 768K, reserved 1048576K
}
Event: 2.939 GC heap before
{Heap before GC invocations=3 (full 0):
 PSYoungGen      total 283648K, used 283639K [0x0000000716900000, 0x0000000729300000, 0x00000007c0000000)
  eden space 262144K, 100% used [0x0000000716900000,0x0000000726900000,0x0000000726900000)
  from space 21504K, 99% used [0x0000000727e00000,0x00000007292fdcf8,0x0000000729300000)
  to   space 21504K, 0% used [0x0000000726900000,0x0000000726900000,0x0000000727e00000)
 ParOldGen       total 348160K, used 46710K [0x00000005c3a00000, 0x00000005d8e00000, 0x0000000716900000)
  object space 348160K, 13% used [0x00000005c3a00000,0x00000005c679da28,0x00000005d8e00000)
 Metaspace       used 6470K, capacity 6640K, committed 6912K, reserved 1056768K
  class space    used 653K, capacity 728K, committed 768K, reserved 1048576K
Event: 3.002 GC heap after
Heap after GC invocations=3 (full 0):
 PSYoungGen      total 283648K, used 21494K [0x0000000716900000, 0x0000000739300000, 0x00000007c0000000)
  eden space 262144K, 0% used [0x0000000716900000,0x0000000716900000,0x0000000726900000)
  from space 21504K, 99% used [0x0000000726900000,0x0000000727dfd990,0x0000000727e00000)
  to   space 21504K, 0% used [0x0000000737e00000,0x0000000737e00000,0x0000000739300000)
 ParOldGen       total 348160K, used 95222K [0x00000005c3a00000, 0x00000005d8e00000, 0x0000000716900000)
  object space 348160K, 27% used [0x00000005c3a00000,0x00000005c96fdad8,0x00000005d8e00000)
 Metaspace       used 6470K, capacity 6640K, committed 6912K, reserved 1056768K
  class space    used 653K, capacity 728K, committed 768K, reserved 1048576K
}
Event: 3.592 GC heap before
{Heap before GC invocations=4 (full 0):
 PSYoungGen      total 283648K, used 283638K [0x0000000716900000, 0x0000000739300000, 0x00000007c0000000)
  eden space 262144K, 100% used [0x0000000716900000,0x0000000726900000,0x0000000726900000)
  from space 21504K, 99% used [0x0000000726900000,0x0000000727dfd990,0x0000000727e00000)
  to   space 21504K, 0% used [0x0000000737e00000,0x0000000737e00000,0x0000000739300000)
 ParOldGen       total 348160K, used 95222K [0x00000005c3a00000, 0x00000005d8e00000, 0x0000000716900000)
  object space 348160K, 27% used [0x00000005c3a00000,0x00000005c96fdad8,0x00000005d8e00000)
 Metaspace       used 6470K, capacity 6640K, committed 6912K, reserved 1056768K
  class space    used 653K, capacity 728K, committed 768K, reserved 1048576K
Event: 3.613 GC heap after
Heap after GC invocations=4 (full 0):
 PSYoungGen      total 545792K, used 21494K [0x0000000716900000, 0x0000000739300000, 0x00000007c0000000)
  eden space 524288K, 0% used [0x0000000716900000,0x0000000716900000,0x0000000736900000)
  from space 21504K, 99% used [0x0000000737e00000,0x00000007392fd990,0x0000000739300000)
  to   space 21504K, 0% used [0x0000000736900000,0x0000000736900000,0x0000000737e00000)
 ParOldGen       total 348160K, used 95300K [0x00000005c3a00000, 0x00000005d8e00000, 0x0000000716900000)
  object space 348160K, 27% used [0x00000005c3a00000,0x00000005c97110a8,0x00000005d8e00000)
 Metaspace       used 6470K, capacity 6640K, committed 6912K, reserved 1056768K
  class space    used 653K, capacity 728K, committed 768K, reserved 1048576K
}
Event: 5.056 GC heap before
{Heap before GC invocations=5 (full 0):
 PSYoungGen      total 545792K, used 545782K [0x0000000716900000, 0x0000000739300000, 0x00000007c0000000)
  eden space 524288K, 100% used [0x0000000716900000,0x0000000736900000,0x0000000736900000)
  from space 21504K, 99% used [0x0000000737e00000,0x00000007392fd990,0x0000000739300000)
  to   space 21504K, 0% used [0x0000000736900000,0x0000000736900000,0x0000000737e00000)
 ParOldGen       total 348160K, used 95300K [0x00000005c3a00000, 0x00000005d8e00000, 0x0000000716900000)
  object space 348160K, 27% used [0x00000005c3a00000,0x00000005c97110a8,0x00000005d8e00000)
 Metaspace       used 6648K, capacity 6768K, committed 6912K, reserved 1056768K
  class space    used 663K, capacity 728K, committed 768K, reserved 1048576K
Event: 5.093 GC heap after
Heap after GC invocations=5 (full 0):
 PSYoungGen      total 545792K, used 21494K [0x0000000716900000, 0x0000000760500000, 0x00000007c0000000)
  eden space 524288K, 0% used [0x0000000716900000,0x0000000716900000,0x0000000736900000)
  from space 21504K, 99% used [0x0000000736900000,0x0000000737dfd990,0x0000000737e00000)
  to   space 79872K, 0% used [0x000000075b700000,0x000000075b700000,0x0000000760500000)
 ParOldGen       total 348160K, used 95664K [0x00000005c3a00000, 0x00000005d8e00000, 0x0000000716900000)
  object space 348160K, 27% used [0x00000005c3a00000,0x00000005c976c0b8,0x00000005d8e00000)
 Metaspace       used 6648K, capacity 6768K, committed 6912K, reserved 1056768K
  class space    used 663K, capacity 728K, committed 768K, reserved 1048576K
}

