# JRE version: Java(TM) SE Runtime Environment (8.0_161-b12) (build 1.8.0_161-b12)
# Java VM: Java HotSpot(TM) 64-Bit Server VM (25.161-b12 mixed mode windows-amd64 compressed oops)
Heap:
 PSYoungGen      total 1124864K, used 273036K [0x0000000716900000, 0x0000000760200000, 0x00000007c0000000)
  eden space 1048576K, 23% used [0x0000000716900000,0x0000000725df3300,0x0000000756900000)
  from space 76288K, 29% used [0x000000075b780000,0x000000075cd30000,0x0000000760200000)
  to   space 78336K, 0% used [0x0000000756900000,0x0000000756900000,0x000000075b580000)
 ParOldGen       total 348160K, used 95582K [0x00000005c3a00000, 0x00000005d8e00000, 0x0000000716900000)
  object space 348160K, 27% used [0x00000005c3a00000,0x00000005c9757a98,0x00000005d8e00000)
 Metaspace       used 6652K, capacity 6772K, committed 6912K, reserved 1056768K
  class space    used 663K, capacity 728K, committed 768K, reserved 1048576K
GC Heap History (10 events):
Event: 1.847 GC heap before
{Heap before GC invocations=2 (full 0):
 PSYoungGen      total 152576K, used 152544K [0x0000000716900000, 0x0000000729300000, 0x00000007c0000000)
  eden space 131072K, 100% used [0x0000000716900000,0x000000071e900000,0x000000071e900000)
  from space 21504K, 99% used [0x000000071e900000,0x000000071fdf8368,0x000000071fe00000)
  to   space 21504K, 0% used [0x0000000727e00000,0x0000000727e00000,0x0000000729300000)
 ParOldGen       total 348160K, used 29527K [0x00000005c3a00000, 0x00000005d8e00000, 0x0000000716900000)
  object space 348160K, 8% used [0x00000005c3a00000,0x00000005c56d5d70,0x00000005d8e00000)
 Metaspace       used 6370K, capacity 6516K, committed 6656K, reserved 1056768K
  class space    used 649K, capacity 728K, committed 768K, reserved 1048576K
Event: 1.870 GC heap after
Heap after GC invocations=2 (full 0):
 PSYoungGen      total 283648K, used 21472K [0x0000000716900000, 0x0000000729300000, 0x00000007c0000000)
  eden space 262144K, 0% used [0x0000000716900000,0x0000000716900000,0x0000000726900000)
  from space 21504K, 99% used [0x0000000727e00000,0x00000007292f8368,0x0000000729300000)
  to   space 21504K, 0% used [0x0000000726900000,0x0000000726900000,0x0000000727e00000)
 ParOldGen       total 348160K, used 46540K [0x00000005c3a00000, 0x00000005d8e00000, 0x0000000716900000)
  object space 348160K, 13% used [0x00000005c3a00000,0x00000005c67732d8,0x00000005d8e00000)
 Metaspace       used 6370K, capacity 6516K, committed 6656K, reserved 1056768K
  class space    used 649K, capacity 728K, committed 768K, reserved 1048576K
}
Event: 2.629 GC heap before
{Heap before GC invocations=3 (full 0):
 PSYoungGen      total 283648K, used 283616K [0x0000000716900000, 0x0000000729300000, 0x00000007c0000000)
  eden space 262144K, 100% used [0x0000000716900000,0x0000000726900000,0x0000000726900000)
  from space 21504K, 99% used [0x0000000727e00000,0x00000007292f8368,0x0000000729300000)
  to   space 21504K, 0% used [0x0000000726900000,0x0000000726900000,0x0000000727e00000)
 ParOldGen       total 348160K, used 46540K [0x00000005c3a00000, 0x00000005d8e00000, 0x0000000716900000)
  object space 348160K, 13% used [0x00000005c3a00000,0x00000005c67732d8,0x00000005d8e00000)
 Metaspace       used 6472K, capacity 6644K, committed 6912K, reserved 1056768K
  class space    used 653K, capacity 728K, committed 768K, reserved 1048576K
Event: 2.666 GC heap after
Heap after GC invocations=3 (full 0):
 PSYoungGen      total 283648K, used 21504K [0x0000000716900000, 0x0000000739300000, 0x00000007c0000000)
  eden space 262144K, 0% used [0x0000000716900000,0x0000000716900000,0x0000000726900000)
  from space 21504K, 100% used [0x0000000726900000,0x0000000727e00000,0x0000000727e00000)
  to   space 21504K, 0% used [0x0000000737e00000,0x0000000737e00000,0x0000000739300000)
 ParOldGen       total 348160K, used 95182K [0x00000005c3a00000, 0x00000005d8e00000, 0x0000000716900000)
  object space 348160K, 27% used [0x00000005c3a00000,0x00000005c96f3a98,0x00000005d8e00000)
 Metaspace       used 6472K, capacity 6644K, committed 6912K, reserved 1056768K
  class space    used 653K, capacity 728K, committed 768K, reserved 1048576K
}
Event: 3.361 GC heap before
{Heap before GC invocations=4 (full 0):
 PSYoungGen      total 283648K, used 283648K [0x0000000716900000, 0x0000000739300000, 0x00000007c0000000)
  eden space 262144K, 100% used [0x0000000716900000,0x0000000726900000,0x0000000726900000)
  from space 21504K, 100% used [0x0000000726900000,0x0000000727e00000,0x0000000727e00000)
  to   space 21504K, 0% used [0x0000000737e00000,0x0000000737e00000,0x0000000739300000)
 ParOldGen       total 348160K, used 95182K [0x00000005c3a00000, 0x00000005d8e00000, 0x0000000716900000)
  object space 348160K, 27% used [0x00000005c3a00000,0x00000005c96f3a98,0x00000005d8e00000)
 Metaspace       used 6472K, capacity 6644K, committed 6912K, reserved 1056768K
  class space    used 653K, capacity 728K, committed 768K, reserved 1048576K
Event: 3.382 GC heap after
Heap after GC invocations=4 (full 0):
 PSYoungGen      total 545792K, used 21504K [0x0000000716900000, 0x0000000739300000, 0x00000007c0000000)
  eden space 524288K, 0% used [0x0000000716900000,0x0000000716900000,0x0000000736900000)
  from space 21504K, 100% used [0x0000000737e00000,0x0000000739300000,0x0000000739300000)
  to   space 21504K, 0% used [0x0000000736900000,0x0000000736900000,0x0000000737e00000)
 ParOldGen       total 348160K, used 95238K [0x00000005c3a00000, 0x00000005d8e00000, 0x0000000716900000)
  object space 348160K, 27% used [0x00000005c3a00000,0x00000005c9701a98,0x00000005d8e00000)
 Metaspace       used 6472K, capacity 6644K, committed 6912K, reserved 1056768K
  class space    used 653K, capacity 728K, committed 768K, reserved 1048576K
}
Event: 4.793 GC heap before
{Heap before GC invocations=5 (full 0):
 PSYoungGen      total 545792K, used 545792K [0x0000000716900000, 0x0000000739300000, 0x00000007c0000000)
  eden space 524288K, 100% used [0x0000000716900000,0x0000000736900000,0x0000000736900000)
  from space 21504K, 100% used [0x0000000737e00000,0x0000000739300000,0x0000000739300000)
  to   space 21504K, 0% used [0x0000000736900000,0x0000000736900000,0x0000000737e00000)
 ParOldGen       total 348160K, used 95238K [0x00000005c3a00000, 0x00000005d8e00000, 0x0000000716900000)
  object space 348160K, 27% used [0x00000005c3a00000,0x00000005c9701a98,0x00000005d8e00000)
 Metaspace       used 6650K, capacity 6772K, committed 6912K, reserved 1056768K
  class space    used 663K, capacity 728K, committed 768K, reserved 1048576K
Event: 4.813 GC heap after
Heap after GC invocations=5 (full 0):
 PSYoungGen      total 545792K, used 21504K [0x0000000716900000, 0x0000000760600000, 0x00000007c0000000)
  eden space 524288K, 0% used [0x0000000716900000,0x0000000716900000,0x0000000736900000)
  from space 21504K, 100% used [0x0000000736900000,0x0000000737e00000,0x0000000737e00000)
  to   space 80384K, 0% used [0x000000075b780000,0x000000075b780000,0x0000000760600000)
 ParOldGen       total 348160K, used 95574K [0x00000005c3a00000, 0x00000005d8e00000, 0x0000000716900000)
  object space 348160K, 27% used [0x00000005c3a00000,0x00000005c9755a98,0x00000005d8e00000)
 Metaspace       used 6650K, capacity 6772K, committed 6912K, reserved 1056768K
  class space    used 663K, capacity 728K, committed 768K, reserved 1048576K
}
Event: 5.738 GC heap before
{Heap before GC invocations=6 (full 0):
 PSYoungGen      total 545792K, used 545792K [0x0000000716900000, 0x0000000760600000, 0x00000007c0000000)
  eden space 524288K, 100% used [0x0000000716900000,0x0000000736900000,0x0000000736900000)
  from space 21504K, 100% used [0x0000000736900000,0x0000000737e00000,0x0000000737e00000)
  to   space 80384K, 0% used [0x000000075b780000,0x000000075b780000,0x0000000760600000)
 ParOldGen       total 348160K, used 95574K [0x00000005c3a00000, 0x00000005d8e00000, 0x0000000716900000)
  object space 348160K, 27% used [0x00000005c3a00000,0x00000005c9755a98,0x00000005d8e00000)
 Metaspace       used 6652K, capacity 6772K, committed 6912K, reserved 1056768K
  class space    used 663K, capacity 728K, committed 768K, reserved 1048576K
Event: 5.755 GC heap after
Heap after GC invocations=6 (full 0):
 PSYoungGen      total 1124864K, used 22208K [0x0000000716900000, 0x0000000760200000, 0x00000007c0000000)
  eden space 1048576K, 0% used [0x0000000716900000,0x0000000716900000,0x0000000756900000)
  from space 76288K, 29% used [0x000000075b780000,0x000000075cd30000,0x0000000760200000)
  to   space 78336K, 0% used [0x0000000756900000,0x0000000756900000,0x000000075b580000)
 ParOldGen       total 348160K, used 95582K [0x00000005c3a00000, 0x00000005d8e00000, 0x0000000716900000)
  object space 348160K, 27% used [0x00000005c3a00000,0x00000005c9757a98,0x00000005d8e00000)
 Metaspace       used 6652K, capacity 6772K, committed 6912K, reserved 1056768K
  class space    used 663K, capacity 728K, committed 768K, reserved 1048576K
}

